<?xml version="1.0" encoding="UTF-8"?>
<testsuite name="agh.ii.prinjava.lab02.exc02_01.impl.ArrayBasedImplTest" tests="1" skipped="0" failures="0" errors="0" timestamp="2023-10-12T15:52:41" hostname="LAPTOP-CDFV89IF" time="0.019">
  <properties/>
  <testcase name="testPop()" classname="agh.ii.prinjava.lab02.exc02_01.impl.ArrayBasedImplTest" time="0.019"/>
  <system-out><![CDATA[]]></system-out>
  <system-err><![CDATA[]]></system-err>
</testsuite>
