<?xml version="1.0" encoding="UTF-8"?>
<testsuite name="agh.ii.prinjava.lab01.lst01_09.HelloJavaRecordTest" tests="1" skipped="0" failures="0" errors="0" timestamp="2023-09-21T22:48:08" hostname="LAPTOP-CDFV89IF" time="0.024">
  <properties/>
  <testcase name="testHelloJavaRecordTestIstoStringIsSame()" classname="agh.ii.prinjava.lab01.lst01_09.HelloJavaRecordTest" time="0.024"/>
  <system-out><![CDATA[]]></system-out>
  <system-err><![CDATA[]]></system-err>
</testsuite>
