<?xml version="1.0" encoding="UTF-8"?>
<testsuite name="agh.ii.prinjava.lab00.list00_01.CalcTest" tests="1" skipped="0" failures="0" errors="0" timestamp="2023-09-15T16:30:13" hostname="LAPTOP-CDFV89IF" time="0.022">
  <properties/>
  <testcase name="onePlusTwoIsThree()" classname="agh.ii.prinjava.lab00.list00_01.CalcTest" time="0.022"/>
  <system-out><![CDATA[CalcTest.setUp...
CalcTest.tearDown...
]]></system-out>
  <system-err><![CDATA[]]></system-err>
</testsuite>
